2024-11-26 14:44:27,264 [INFO] Activator:176 - 


2024-11-26 14:44:27,265 [INFO] Activator:177 - !SESSION log4j initialized
2024-11-26 14:44:29,276 [ERROR] LogOutputStream:75 - [STDERR_REDIRECT] 
2024-11-26 14:44:31,233 [INFO] LogOutputStream:77 - [STDOUT_REDIRECT] 
2024-11-26 14:44:33,552 [INFO] ApplicationProperties:184 - Using Application install path: /Applications/STM32CubeIDE.app/Contents/Eclipse/plugins/com.st.stm32cube.common.mx_6.12.1.202409122256
2024-11-26 14:44:33,566 [INFO] DbMcusXml:78 - Set database path to: /Applications/STM32CubeIDE.app/Contents/Eclipse/plugins/com.st.stm32cube.common.mx_6.12.1.202409122256//db//mcu/
2024-11-26 14:44:33,566 [INFO] ApiDb:274 - Set plugin database path to: /Applications/STM32CubeIDE.app/Contents/Eclipse/plugins/com.st.stm32cube.common.mx_6.12.1.202409122256//db//plugins/boardmanager/
2024-11-26 14:44:33,567 [WARN] ApiDb:259 - Overriding images path with different value:  => /Applications/STM32CubeIDE.app/Contents/Eclipse/plugins/com.st.stm32cube.common.mx_6.12.1.202409122256//db//plugins/mcufinder/images/
2024-11-26 14:44:33,576 [INFO] ApiDb:250 - Set database path to: /var/root/.stmcufinder/plugins/mcufinder//mcu/
2024-11-26 14:44:33,576 [INFO] DbMcusAds:125 - Set database path to: /var/root/.stmcufinder/plugins/mcufinder//mcu/
2024-11-26 14:44:33,578 [INFO] CrossReferenceDbSqlite:203 - Set database path to: /var/root/.stmcufinder/plugins/mcufinder//mcu/cs/
2024-11-26 14:44:33,711 [INFO] RulesReader:64 - Compatibility file has been processed (297 Rules)
2024-11-26 14:44:33,778 [INFO] DbMcusXml:78 - Set database path to: /Applications/STM32CubeIDE.app/Contents/Eclipse/plugins/com.st.stm32cube.common.mx_6.12.1.202409122256//db//mcu/
2024-11-26 14:44:33,778 [INFO] ApiDb:274 - Set plugin database path to: /Applications/STM32CubeIDE.app/Contents/Eclipse/plugins/com.st.stm32cube.common.mx_6.12.1.202409122256//db//plugins/boardmanager/
2024-11-26 14:44:33,778 [INFO] ApiDb:261 - Set plugin images path to: /Applications/STM32CubeIDE.app/Contents/Eclipse/plugins/com.st.stm32cube.common.mx_6.12.1.202409122256//db//plugins/mcufinder/images/
2024-11-26 14:44:33,779 [WARN] DbFile:41 - Overriding database path with different value: /var/root/.stmcufinder/plugins/mcufinder/ => /var/root/.stmcufinder/plugins/mcufinder
2024-11-26 14:44:33,779 [INFO] ApiDb:250 - Set database path to: /var/root/.stmcufinder/plugins/mcufinder//mcu/
2024-11-26 14:44:33,779 [WARN] DbFile:41 - Overriding database path with different value: /var/root/.stmcufinder/plugins/mcufinder/ => /var/root/.stmcufinder/plugins/mcufinder
2024-11-26 14:44:33,779 [INFO] DbMcusAds:125 - Set database path to: /var/root/.stmcufinder/plugins/mcufinder//mcu/
2024-11-26 14:44:33,779 [WARN] DbFile:41 - Overriding database path with different value: /var/root/.stmcufinder/plugins/mcufinder/ => /var/root/.stmcufinder/plugins/mcufinder
2024-11-26 14:44:33,779 [WARN] DbFile:41 - Overriding database path with different value: /var/root/.stmcufinder/plugins/mcufinder/ => /var/root/.stmcufinder/plugins/mcufinder
2024-11-26 14:44:33,779 [INFO] CrossReferenceDbSqlite:203 - Set database path to: /var/root/.stmcufinder/plugins/mcufinder//mcu/cs/
2024-11-26 14:44:33,872 [INFO] MainPanel:268 - HeapMemory: 273678336
2024-11-26 14:44:34,144 [INFO] DbMcusXml:78 - Set database path to: /Applications/STM32CubeIDE.app/Contents/Eclipse/plugins/com.st.stm32cube.common.mx_6.12.1.202409122256//db//mcu/
2024-11-26 14:44:34,145 [INFO] ApiDb:274 - Set plugin database path to: /Applications/STM32CubeIDE.app/Contents/Eclipse/plugins/com.st.stm32cube.common.mx_6.12.1.202409122256//db//plugins/boardmanager/
2024-11-26 14:44:34,145 [INFO] ApiDb:261 - Set plugin images path to: /Applications/STM32CubeIDE.app/Contents/Eclipse/plugins/com.st.stm32cube.common.mx_6.12.1.202409122256//db//plugins/mcufinder/images/
2024-11-26 14:44:34,145 [WARN] DbFile:41 - Overriding database path with different value: /var/root/.stmcufinder/plugins/mcufinder/ => /var/root/.stmcufinder/plugins/mcufinder
2024-11-26 14:44:34,145 [INFO] ApiDb:250 - Set database path to: /var/root/.stmcufinder/plugins/mcufinder//mcu/
2024-11-26 14:44:34,145 [WARN] DbFile:41 - Overriding database path with different value: /var/root/.stmcufinder/plugins/mcufinder/ => /var/root/.stmcufinder/plugins/mcufinder
2024-11-26 14:44:34,145 [INFO] DbMcusAds:125 - Set database path to: /var/root/.stmcufinder/plugins/mcufinder//mcu/
2024-11-26 14:44:34,146 [WARN] DbFile:41 - Overriding database path with different value: /var/root/.stmcufinder/plugins/mcufinder/ => /var/root/.stmcufinder/plugins/mcufinder
2024-11-26 14:44:34,146 [WARN] DbFile:41 - Overriding database path with different value: /var/root/.stmcufinder/plugins/mcufinder/ => /var/root/.stmcufinder/plugins/mcufinder
2024-11-26 14:44:34,146 [INFO] CrossReferenceDbSqlite:203 - Set database path to: /var/root/.stmcufinder/plugins/mcufinder//mcu/cs/
2024-11-26 14:44:34,172 [INFO] ApplicationProperties:184 - Using Application install path: /Applications/STM32CubeIDE.app/Contents/Eclipse/plugins/com.st.stm32cube.common.mx_6.12.1.202409122256
2024-11-26 14:44:34,173 [INFO] PluginManage:196 - Search for loadable plugins [exclusion list=, ]
2024-11-26 14:44:34,175 [INFO] PluginManage:310 - Check plugin analytics
2024-11-26 14:44:34,485 [INFO] AnalyticsPlugin:253 - Accepted Software Licenses: 
2024-11-26 14:44:34,489 [INFO] AnalyticsPlugin:255 - Accepted CMSIS Pack Licenses: 
2024-11-26 14:44:34,489 [INFO] AnalyticsPlugin:257 - Accepted Firmware Licenses: 
2024-11-26 14:44:34,517 [INFO] PluginManage:359 - Loaded plugin analytics (category:tool,tabindex:-1)
2024-11-26 14:44:34,520 [INFO] PluginManage:310 - Check plugin cadmodel
2024-11-26 14:44:34,543 [INFO] CADModel:105 - Init CAD model plugin
2024-11-26 14:44:34,543 [INFO] PluginManage:359 - Loaded plugin cadmodel (category:power,tabindex:5)
2024-11-26 14:44:34,544 [INFO] PluginManage:310 - Check plugin clock
2024-11-26 14:44:34,552 [INFO] PluginManage:359 - Loaded plugin clock (category:base,tabindex:2)
2024-11-26 14:44:34,552 [INFO] PluginManage:310 - Check plugin ddr
2024-11-26 14:44:34,554 [INFO] PluginManage:359 - Loaded plugin ddr (category:tool,tabindex:6)
2024-11-26 14:44:34,554 [INFO] PluginManage:310 - Check plugin filemanager
2024-11-26 14:44:34,755 [INFO] PluginManage:359 - Loaded plugin filemanager (category:base,tabindex:10)
2024-11-26 14:44:34,756 [INFO] PluginManage:310 - Check plugin ipmanager
2024-11-26 14:44:34,772 [INFO] PluginManage:359 - Loaded plugin ipmanager (category:base,tabindex:5)
2024-11-26 14:44:34,773 [INFO] PluginManage:310 - Check plugin lpbam
2024-11-26 14:44:34,783 [INFO] PluginManage:359 - Loaded plugin lpbam (category:base,tabindex:0)
2024-11-26 14:44:34,783 [INFO] PluginManage:310 - Check plugin memorymap
2024-11-26 14:44:34,793 [INFO] PluginManage:359 - Loaded plugin memorymap (category:base,tabindex:4)
2024-11-26 14:44:34,794 [INFO] PluginManage:310 - Check plugin pinoutandconfiguration
2024-11-26 14:44:34,801 [INFO] PluginManage:359 - Loaded plugin pinoutandconfiguration (category:base,tabindex:1)
2024-11-26 14:44:34,802 [INFO] PluginManage:310 - Check plugin pinoutconfig
2024-11-26 14:44:34,893 [WARN] SupportedApi:132 - Cannot load RTOS API schema: s4s-elt-must-match.1: The content of 'definitions' must match (annotation?, (simpleType | complexType)?, (unique | key | keyref)*)). A problem was found starting at: attribute.
2024-11-26 14:44:35,168 [INFO] PluginManage:359 - Loaded plugin pinoutconfig (category:base,tabindex:0)
2024-11-26 14:44:35,170 [INFO] PluginManage:310 - Check plugin power
2024-11-26 14:44:35,196 [INFO] PluginManage:359 - Loaded plugin power (category:power,tabindex:4)
2024-11-26 14:44:35,196 [INFO] PluginManage:310 - Check plugin projectmanager
2024-11-26 14:44:35,234 [INFO] PluginManage:359 - Loaded plugin projectmanager (category:projectmanager,tabindex:4)
2024-11-26 14:44:35,234 [INFO] PluginManage:310 - Check plugin rif
2024-11-26 14:44:35,238 [INFO] PluginManage:359 - Loaded plugin rif (category:base,tabindex:3)
2024-11-26 14:44:35,238 [INFO] PluginManage:310 - Check plugin thirdparty
2024-11-26 14:44:35,402 [INFO] PluginManage:359 - Loaded plugin thirdparty (category:base,tabindex:-1)
2024-11-26 14:44:35,403 [INFO] PluginManage:310 - Check plugin tools
2024-11-26 14:44:35,403 [WARN] IntegrityCheckThread:84 - waiting for thirdparty lock release [integrity check]
2024-11-26 14:44:35,404 [INFO] IntegrityCheckThread:86 - entering critical section [integrity check]
2024-11-26 14:44:35,405 [INFO] ThirdPartyUpdaterWithRetryManager:70 - Updater plugin not ready yet. [1/15]
2024-11-26 14:44:35,406 [INFO] PluginManage:359 - Loaded plugin tools (category:base,tabindex:7)
2024-11-26 14:44:35,406 [INFO] PluginManage:310 - Check plugin tutovideos
2024-11-26 14:44:35,562 [INFO] PluginManage:359 - Loaded plugin tutovideos (category:base,tabindex:-1)
2024-11-26 14:44:35,562 [INFO] PluginManage:310 - Check plugin updater
2024-11-26 14:44:35,587 [INFO] PluginManage:359 - Loaded plugin updater (category:base,tabindex:12)
2024-11-26 14:44:35,587 [INFO] PluginManage:310 - Check plugin userauth
2024-11-26 14:44:35,592 [INFO] UserAuth:113 - Init User Auth plugin
2024-11-26 14:44:35,593 [INFO] PluginManage:359 - Loaded plugin userauth (category:base,tabindex:14)
2024-11-26 14:44:35,594 [INFO] PluginManage:283 - PluginManage : Loaded plugins [18]
2024-11-26 14:44:36,071 [INFO] PinOutPanel:1561 - setPackage(No Configuration,No Configuration)
2024-11-26 14:44:36,281 [ERROR] LogOutputStream:75 - [STDERR_REDIRECT] [Fatal Error] :2:10: DOCTYPE is disallowed when the feature "http://apache.org/xml/features/disallow-doctype-decl" set to true.
2024-11-26 14:44:36,287 [ERROR] LogOutputStream:75 - [STDERR_REDIRECT] 
2024-11-26 14:44:36,351 [INFO] CADModel:165 - CPN selected for project level
2024-11-26 14:44:36,351 [INFO] CADModel:114 - Register for checkConnection events
2024-11-26 14:44:36,377 [INFO] IPUIPlugin:80 - create IPUIPlugin
2024-11-26 14:44:36,378 [INFO] PluginManager:220 - loadIPPluginJar : add mdma
2024-11-26 14:44:36,385 [INFO] IPUIPlugin:80 - create IPUIPlugin
2024-11-26 14:44:36,385 [INFO] PluginManager:220 - loadIPPluginJar : add freertos
2024-11-26 14:44:36,389 [INFO] IPUIPlugin:80 - create IPUIPlugin
2024-11-26 14:44:36,389 [INFO] PluginManager:220 - loadIPPluginJar : add gic
2024-11-26 14:44:36,395 [INFO] IPUIPlugin:80 - create IPUIPlugin
2024-11-26 14:44:36,395 [INFO] PluginManager:220 - loadIPPluginJar : add adc
2024-11-26 14:44:36,397 [INFO] IPUIPlugin:80 - create IPUIPlugin
2024-11-26 14:44:36,398 [INFO] PluginManager:220 - loadIPPluginJar : add gtzc
2024-11-26 14:44:36,398 [INFO] IPUIPlugin:80 - create IPUIPlugin
2024-11-26 14:44:36,398 [INFO] PluginManager:220 - loadIPPluginJar : add quadspi
2024-11-26 14:44:36,400 [INFO] IPUIPlugin:80 - create IPUIPlugin
2024-11-26 14:44:36,400 [INFO] PluginManager:220 - loadIPPluginJar : add aes
2024-11-26 14:44:36,401 [INFO] IPUIPlugin:80 - create IPUIPlugin
2024-11-26 14:44:36,401 [INFO] PluginManager:220 - loadIPPluginJar : add pdm2pcm
2024-11-26 14:44:36,402 [INFO] IPUIPlugin:80 - create IPUIPlugin
2024-11-26 14:44:36,403 [INFO] PluginManager:220 - loadIPPluginJar : add hash
2024-11-26 14:44:36,405 [INFO] IPUIPlugin:80 - create IPUIPlugin
2024-11-26 14:44:36,406 [INFO] PluginManager:220 - loadIPPluginJar : add tim
2024-11-26 14:44:36,406 [INFO] IPUIPlugin:80 - create IPUIPlugin
2024-11-26 14:44:36,407 [INFO] PluginManager:220 - loadIPPluginJar : add tsc
2024-11-26 14:44:36,408 [INFO] IPUIPlugin:80 - create IPUIPlugin
2024-11-26 14:44:36,408 [INFO] PluginManager:220 - loadIPPluginJar : add extmemmanager
2024-11-26 14:44:36,411 [INFO] IPUIPlugin:80 - create IPUIPlugin
2024-11-26 14:44:36,411 [INFO] PluginManager:220 - loadIPPluginJar : add ts
2024-11-26 14:44:36,413 [INFO] IPUIPlugin:80 - create IPUIPlugin
2024-11-26 14:44:36,413 [INFO] PluginManager:220 - loadIPPluginJar : add radio
2024-11-26 14:44:36,416 [INFO] IPUIPlugin:80 - create IPUIPlugin
2024-11-26 14:44:36,416 [INFO] PluginManager:220 - loadIPPluginJar : add can
2024-11-26 14:44:36,420 [INFO] IPUIPlugin:80 - create IPUIPlugin
2024-11-26 14:44:36,420 [INFO] PluginManager:220 - loadIPPluginJar : add dma3
2024-11-26 14:44:36,422 [INFO] IPUIPlugin:80 - create IPUIPlugin
2024-11-26 14:44:36,422 [INFO] PluginManager:220 - loadIPPluginJar : add dfsdm
2024-11-26 14:44:36,425 [INFO] IPUIPlugin:80 - create IPUIPlugin
2024-11-26 14:44:36,426 [INFO] PluginManager:220 - loadIPPluginJar : add spi
2024-11-26 14:44:36,428 [INFO] IPUIPlugin:80 - create IPUIPlugin
2024-11-26 14:44:36,430 [INFO] PluginManager:220 - loadIPPluginJar : add gfxmmu
2024-11-26 14:44:36,431 [INFO] IPUIPlugin:80 - create IPUIPlugin
2024-11-26 14:44:36,432 [INFO] PluginManager:220 - loadIPPluginJar : add genericplugin
2024-11-26 14:44:36,433 [INFO] IPUIPlugin:80 - create IPUIPlugin
2024-11-26 14:44:36,433 [INFO] PluginManager:220 - loadIPPluginJar : add cryp
2024-11-26 14:44:36,438 [INFO] IPUIPlugin:80 - create IPUIPlugin
2024-11-26 14:44:36,438 [INFO] PluginManager:220 - loadIPPluginJar : add gpio
2024-11-26 14:44:36,440 [INFO] IPUIPlugin:80 - create IPUIPlugin
2024-11-26 14:44:36,440 [INFO] PluginManager:220 - loadIPPluginJar : add ddr_ctrl_phy
2024-11-26 14:44:36,441 [INFO] IPUIPlugin:80 - create IPUIPlugin
2024-11-26 14:44:36,441 [INFO] PluginManager:220 - loadIPPluginJar : add comp
2024-11-26 14:44:36,443 [INFO] IPUIPlugin:80 - create IPUIPlugin
2024-11-26 14:44:36,444 [INFO] PluginManager:220 - loadIPPluginJar : add tracer_emb
2024-11-26 14:44:36,446 [INFO] IPUIPlugin:80 - create IPUIPlugin
2024-11-26 14:44:36,447 [INFO] PluginManager:220 - loadIPPluginJar : add openamp
2024-11-26 14:44:36,451 [INFO] IPUIPlugin:80 - create IPUIPlugin
2024-11-26 14:44:36,453 [INFO] PluginManager:220 - loadIPPluginJar : add stm32_wpan
2024-11-26 14:44:36,456 [INFO] IPUIPlugin:80 - create IPUIPlugin
2024-11-26 14:44:36,466 [INFO] PluginManager:220 - loadIPPluginJar : add plateformsettings
2024-11-26 14:44:36,468 [INFO] IPUIPlugin:80 - create IPUIPlugin
2024-11-26 14:44:36,468 [INFO] PluginManager:220 - loadIPPluginJar : add ipddr
2024-11-26 14:44:36,469 [INFO] IPUIPlugin:80 - create IPUIPlugin
2024-11-26 14:44:36,470 [INFO] PluginManager:220 - loadIPPluginJar : add usart
2024-11-26 14:44:36,470 [INFO] IPUIPlugin:80 - create IPUIPlugin
2024-11-26 14:44:36,470 [INFO] PluginManager:220 - loadIPPluginJar : add ltdc
2024-11-26 14:44:36,472 [INFO] IPUIPlugin:80 - create IPUIPlugin
2024-11-26 14:44:36,472 [INFO] PluginManager:220 - loadIPPluginJar : add nvic
2024-11-26 14:44:36,473 [INFO] IPUIPlugin:80 - create IPUIPlugin
2024-11-26 14:44:36,473 [INFO] PluginManager:220 - loadIPPluginJar : add fatfs
2024-11-26 14:44:36,478 [INFO] IPUIPlugin:80 - create IPUIPlugin
2024-11-26 14:44:36,478 [INFO] PluginManager:220 - loadIPPluginJar : add linkedlist
2024-11-26 14:44:36,482 [INFO] IPUIPlugin:80 - create IPUIPlugin
2024-11-26 14:44:36,482 [INFO] PluginManager:220 - loadIPPluginJar : add dma
2024-11-26 14:44:36,485 [INFO] IPUIPlugin:80 - create IPUIPlugin
2024-11-26 14:44:36,485 [INFO] PluginManager:220 - loadIPPluginJar : add fmc
2024-11-26 14:44:36,487 [INFO] IPUIPlugin:80 - create IPUIPlugin
2024-11-26 14:44:36,487 [INFO] PluginManager:220 - loadIPPluginJar : add i2s
2024-11-26 14:44:36,490 [INFO] IPUIPlugin:80 - create IPUIPlugin
2024-11-26 14:44:36,490 [INFO] PluginManager:220 - loadIPPluginJar : add ucpd
2024-11-26 14:44:36,492 [INFO] IPUIPlugin:80 - create IPUIPlugin
2024-11-26 14:44:36,492 [INFO] PluginManager:220 - loadIPPluginJar : add lorawan
2024-11-26 14:44:36,493 [INFO] IPUIPlugin:80 - create IPUIPlugin
2024-11-26 14:44:36,493 [INFO] PluginManager:220 - loadIPPluginJar : add opamp
2024-11-26 14:44:36,495 [INFO] IPUIPlugin:80 - create IPUIPlugin
2024-11-26 14:44:36,495 [INFO] PluginManager:220 - loadIPPluginJar : add i3c
2024-11-26 14:44:36,496 [INFO] IPUIPlugin:80 - create IPUIPlugin
2024-11-26 14:44:36,496 [INFO] PluginManager:220 - loadIPPluginJar : add touchsensing
2024-11-26 14:44:36,498 [INFO] IPUIPlugin:80 - create IPUIPlugin
2024-11-26 14:44:36,498 [INFO] PluginManager:220 - loadIPPluginJar : add i2c
2024-11-26 14:44:36,500 [INFO] IPUIPlugin:80 - create IPUIPlugin
2024-11-26 14:44:36,501 [INFO] PluginManager:220 - loadIPPluginJar : add resmgrutility
2024-11-26 14:44:36,502 [INFO] IPUIPlugin:80 - create IPUIPlugin
2024-11-26 14:44:36,502 [INFO] PluginManager:220 - loadIPPluginJar : add sai
2024-11-26 14:44:36,504 [INFO] IPUIPlugin:80 - create IPUIPlugin
2024-11-26 14:44:36,504 [INFO] PluginManager:220 - loadIPPluginJar : add usbx
2024-11-26 14:44:36,640 [INFO] CADModel:165 - CPN selected for project level
2024-11-26 14:44:36,641 [INFO] CADModel:114 - Register for checkConnection events
2024-11-26 14:44:36,644 [FATAL] Updater:334 - Updater called before beeing initialized
2024-11-26 14:44:36,644 [ERROR] CADModel:125 - Updater not yet initialized, retry later 
2024-11-26 14:44:37,022 [INFO] CADModel:165 - CPN selected for project level
2024-11-26 14:44:37,022 [INFO] CADModel:114 - Register for checkConnection events
2024-11-26 14:44:37,022 [FATAL] Updater:334 - Updater called before beeing initialized
2024-11-26 14:44:37,022 [ERROR] CADModel:125 - Updater not yet initialized, retry later 
2024-11-26 14:44:37,025 [FATAL] Updater:334 - Updater called before beeing initialized
2024-11-26 14:44:37,182 [FATAL] Updater:334 - Updater called before beeing initialized
2024-11-26 14:44:37,192 [INFO] DbMcusAds:53 - JSON generation date=Thu Sep 30 13:55:09 ICT 2021 (1632984909247)
2024-11-26 14:44:37,192 [FATAL] Updater:334 - Updater called before beeing initialized
2024-11-26 14:44:37,255 [WARN] DetailPanel:346 - Failed to get advertising image, set to default
2024-11-26 14:44:37,338 [FATAL] Updater:334 - Updater called before beeing initialized
2024-11-26 14:44:37,343 [FATAL] Updater:334 - Updater called before beeing initialized
2024-11-26 14:44:37,343 [FATAL] Updater:334 - Updater called before beeing initialized
2024-11-26 14:44:37,343 [WARN] DetailPanel:346 - Failed to get advertising image, set to default
2024-11-26 14:44:37,344 [FATAL] Updater:334 - Updater called before beeing initialized
2024-11-26 14:44:37,432 [ERROR] Updater:1164 - MainUpdater not yet initialized. External WinMGr cannot be set.
2024-11-26 14:44:37,436 [INFO] Updater:1100 - Updater Version found : 6.12.1
2024-11-26 14:44:37,450 [INFO] ApplicationProperties:184 - Using Application install path: /Applications/STM32CubeIDE.app/Contents/Eclipse/plugins/com.st.stm32cube.common.mx_6.12.1.202409122256
2024-11-26 14:44:37,965 [INFO] MainUpdater:2873 - connection check result : 10
2024-11-26 14:44:37,966 [INFO] MainUpdater:290 - Updater Check For Update Now.
2024-11-26 14:44:37,966 [INFO] MicroXplorer:498 - Change Database Version : DB.6.0.121
2024-11-26 14:44:37,973 [INFO] McuFinderGlobals:63 - Set McuFinder mode to 2 (CubeIDE integrated)
2024-11-26 14:44:37,974 [INFO] UserAuth:179 - activating auth plugin
2024-11-26 14:44:37,998 [INFO] UserAuth:417 - Internet connection configuration mode: 1
2024-11-26 14:44:38,014 [INFO] JxBrowserEngine:152 - Initiate JxBrowser Engine with user profile folder
2024-11-26 14:44:38,370 [INFO] CheckServerUpdateThread:120 - End of CheckServer Thread
2024-11-26 14:44:38,615 [WARN] PackLoader:240 - Cannot read IP mode file for STMicroelectronics.FP-SNS-MOTENVWB1.1.4.0
2024-11-26 14:44:38,652 [WARN] PackLoader:240 - Cannot read IP mode file for STMicroelectronics.FP-ATR-ASTRA1.2.0.1
2024-11-26 14:44:38,680 [WARN] PackLoader:240 - Cannot read IP mode file for STMicroelectronics.X-CUBE-SMBUS.2.1.0
2024-11-26 14:44:38,696 [WARN] PackLoader:240 - Cannot read IP mode file for STMicroelectronics.X-CUBE-WB05N.1.1.0
2024-11-26 14:44:38,811 [WARN] PackLoader:240 - Cannot read IP mode file for STMicroelectronics.X-CUBE-AZRTOS-F7.1.1.0
2024-11-26 14:44:39,196 [WARN] PackLoader:240 - Cannot read IP mode file for STMicroelectronics.X-CUBE-MEMS1.11.0.0
2024-11-26 14:44:39,476 [WARN] PackLoader:240 - Cannot read IP mode file for STMicroelectronics.FP-SNS-FLIGHT1.5.0.2
2024-11-26 14:44:39,550 [WARN] PackLoader:240 - Cannot read IP mode file for STMicroelectronics.X-CUBE-DISPLAY.3.0.0
2024-11-26 14:44:39,604 [WARN] PackLoader:240 - Cannot read IP mode file for STMicroelectronics.X-CUBE-BLE1.7.0.0
2024-11-26 14:44:39,629 [WARN] PackLoader:240 - Cannot read IP mode file for STMicroelectronics.X-CUBE-NFC10.1.0.0
2024-11-26 14:44:39,651 [WARN] PackLoader:240 - Cannot read IP mode file for emotas.I-CUBE-CANOPEN.1.3.0
2024-11-26 14:44:39,682 [WARN] PackLoader:240 - Cannot read IP mode file for STMicroelectronics.X-CUBE-BLEMGR.3.1.0
2024-11-26 14:44:39,705 [WARN] PackLoader:240 - Cannot read IP mode file for STMicroelectronics.FP-SNS-SMARTAG2.1.2.0
2024-11-26 14:44:39,729 [INFO] LogOutputStream:77 - [STDOUT_REDIRECT] 1 : Invalid condition id : UX_CORESTACK_Condition cause : null
2024-11-26 14:44:39,735 [INFO] LogOutputStream:77 - [STDOUT_REDIRECT] 1 : Invalid condition id : UX_CORESTACK_Condition cause : null
2024-11-26 14:44:39,735 [INFO] LogOutputStream:77 - [STDOUT_REDIRECT] 1 : Invalid condition id : UX_CORESTACK_Condition cause : null
2024-11-26 14:44:39,737 [INFO] LogOutputStream:77 - [STDOUT_REDIRECT] 1 : Invalid condition id : UX_CORESTACK_Condition cause : null
2024-11-26 14:44:39,739 [INFO] LogOutputStream:77 - [STDOUT_REDIRECT] 1 : Invalid condition id : UX_CORESTACK_Condition cause : null
2024-11-26 14:44:39,746 [WARN] PackLoader:240 - Cannot read IP mode file for STMicroelectronics.X-CUBE-AZRTOS-WL.2.0.0
2024-11-26 14:44:39,756 [WARN] PackLoader:240 - Cannot read IP mode file for STMicroelectronics.FP-SNS-MOTENV1.5.0.0
2024-11-26 14:44:39,760 [WARN] PackLoader:240 - Cannot read IP mode file for wolfSSL.I-CUBE-wolfMQTT.1.19.0
2024-11-26 14:44:39,775 [WARN] PackLoader:240 - Cannot read IP mode file for WES.I-CUBE-Cesium.1.3.0
2024-11-26 14:44:39,782 [WARN] PackLoader:240 - Cannot read IP mode file for STMicroelectronics.X-CUBE-BLE2.3.3.0
2024-11-26 14:44:39,792 [WARN] PackLoader:240 - Cannot read IP mode file for STMicroelectronics.X-CUBE-NFC9.1.0.0
2024-11-26 14:44:39,804 [WARN] PackLoader:240 - Cannot read IP mode file for STMicroelectronics.X-CUBE-TCPP.4.1.0
2024-11-26 14:44:39,832 [WARN] PackLoader:240 - Cannot read IP mode file for STMicroelectronics.X-CUBE-AZRTOS-G0.1.1.0
2024-11-26 14:44:39,854 [WARN] PackLoader:240 - Cannot read IP mode file for STMicroelectronics.X-CUBE-SAFEA1.1.2.2
2024-11-26 14:44:39,868 [WARN] PackLoader:240 - Cannot read IP mode file for STMicroelectronics.X-CUBE-NFC4.3.0.0
2024-11-26 14:44:39,882 [WARN] PackLoader:240 - Cannot read IP mode file for EmbeddedOffice.I-CUBE-FS-RTOS.1.0.1
2024-11-26 14:44:39,890 [ERROR] ConditionMgr:805 - Attr not supported : Dmpu
2024-11-26 14:44:39,892 [ERROR] ConditionMgr:805 - Attr not supported : Dmpu
2024-11-26 14:44:39,893 [ERROR] ConditionMgr:805 - Attr not supported : Dmpu
2024-11-26 14:44:39,894 [ERROR] ConditionMgr:805 - Attr not supported : Dmpu
2024-11-26 14:44:39,894 [ERROR] ConditionMgr:805 - Attr not supported : Dmpu
2024-11-26 14:44:39,894 [ERROR] ConditionMgr:805 - Attr not supported : Dmpu
2024-11-26 14:44:39,894 [ERROR] ConditionMgr:805 - Attr not supported : Dmpu
2024-11-26 14:44:39,895 [ERROR] ConditionMgr:805 - Attr not supported : Dmpu
2024-11-26 14:44:39,895 [ERROR] ConditionMgr:805 - Attr not supported : Dmpu
2024-11-26 14:44:39,895 [ERROR] ConditionMgr:805 - Attr not supported : Dmpu
2024-11-26 14:44:39,895 [ERROR] ConditionMgr:805 - Attr not supported : Dmpu
2024-11-26 14:44:39,895 [ERROR] ConditionMgr:805 - Attr not supported : Dmpu
2024-11-26 14:44:39,895 [ERROR] ConditionMgr:805 - Attr not supported : Dmpu
2024-11-26 14:44:39,895 [ERROR] ConditionMgr:805 - Attr not supported : Dmpu
2024-11-26 14:44:39,899 [ERROR] ConditionMgr:805 - Attr not supported : Dmpu
2024-11-26 14:44:39,901 [ERROR] ConditionMgr:805 - Attr not supported : Dmpu
2024-11-26 14:44:39,908 [ERROR] ConditionMgr:805 - Attr not supported : Dmpu
2024-11-26 14:44:39,909 [ERROR] ConditionMgr:805 - Attr not supported : Dmpu
2024-11-26 14:44:39,909 [ERROR] ConditionMgr:805 - Attr not supported : Dmpu
2024-11-26 14:44:39,910 [ERROR] ConditionMgr:805 - Attr not supported : Dmpu
2024-11-26 14:44:39,910 [ERROR] ConditionMgr:805 - Attr not supported : Dmpu
2024-11-26 14:44:39,910 [ERROR] ConditionMgr:805 - Attr not supported : Dmpu
2024-11-26 14:44:39,910 [ERROR] ConditionMgr:805 - Attr not supported : Dmpu
2024-11-26 14:44:39,910 [ERROR] ConditionMgr:805 - Attr not supported : Dmpu
2024-11-26 14:44:39,910 [ERROR] ConditionMgr:805 - Attr not supported : Dmpu
2024-11-26 14:44:39,910 [ERROR] ConditionMgr:805 - Attr not supported : Dmpu
2024-11-26 14:44:39,914 [ERROR] ConditionMgr:805 - Attr not supported : Dmpu
2024-11-26 14:44:39,914 [ERROR] ConditionMgr:805 - Attr not supported : Dmpu
2024-11-26 14:44:39,914 [ERROR] ConditionMgr:805 - Attr not supported : Dmpu
2024-11-26 14:44:39,914 [ERROR] ConditionMgr:805 - Attr not supported : Dmpu
2024-11-26 14:44:39,914 [ERROR] ConditionMgr:805 - Attr not supported : Dmpu
2024-11-26 14:44:39,914 [ERROR] ConditionMgr:805 - Attr not supported : Dmpu
2024-11-26 14:44:39,914 [ERROR] ConditionMgr:805 - Attr not supported : Dmpu
2024-11-26 14:44:39,914 [ERROR] ConditionMgr:805 - Attr not supported : Dmpu
2024-11-26 14:44:39,914 [ERROR] ConditionMgr:805 - Attr not supported : Dmpu
2024-11-26 14:44:39,915 [ERROR] ConditionMgr:805 - Attr not supported : Dmpu
2024-11-26 14:44:39,917 [ERROR] ConditionMgr:805 - Attr not supported : Dmpu
2024-11-26 14:44:39,922 [ERROR] ConditionMgr:805 - Attr not supported : Dmpu
2024-11-26 14:44:39,926 [ERROR] ConditionMgr:805 - Attr not supported : Dmpu
2024-11-26 14:44:39,928 [ERROR] ConditionMgr:805 - Attr not supported : Dmpu
2024-11-26 14:44:39,928 [ERROR] ConditionMgr:805 - Attr not supported : Dmpu
2024-11-26 14:44:39,928 [ERROR] ConditionMgr:805 - Attr not supported : Dmpu
2024-11-26 14:44:39,928 [ERROR] ConditionMgr:805 - Attr not supported : Dmpu
2024-11-26 14:44:39,928 [ERROR] ConditionMgr:805 - Attr not supported : Dmpu
2024-11-26 14:44:39,928 [ERROR] ConditionMgr:805 - Attr not supported : Dmpu
2024-11-26 14:44:39,929 [ERROR] ConditionMgr:805 - Attr not supported : Dmpu
2024-11-26 14:44:39,929 [ERROR] ConditionMgr:805 - Attr not supported : Dmpu
2024-11-26 14:44:39,929 [ERROR] ConditionMgr:805 - Attr not supported : Dmpu
2024-11-26 14:44:39,929 [ERROR] ConditionMgr:805 - Attr not supported : Dmpu
2024-11-26 14:44:39,929 [ERROR] ConditionMgr:805 - Attr not supported : Dmpu
2024-11-26 14:44:39,929 [ERROR] ConditionMgr:805 - Attr not supported : Dmpu
2024-11-26 14:44:39,929 [ERROR] ConditionMgr:805 - Attr not supported : Dmpu
2024-11-26 14:44:39,929 [ERROR] ConditionMgr:805 - Attr not supported : Dmpu
2024-11-26 14:44:39,929 [ERROR] ConditionMgr:805 - Attr not supported : Dmpu
2024-11-26 14:44:39,929 [ERROR] ConditionMgr:805 - Attr not supported : Dmpu
2024-11-26 14:44:39,929 [ERROR] ConditionMgr:805 - Attr not supported : Dmpu
2024-11-26 14:44:39,929 [ERROR] ConditionMgr:805 - Attr not supported : Dmpu
2024-11-26 14:44:39,930 [ERROR] ConditionMgr:805 - Attr not supported : Dmpu
2024-11-26 14:44:39,930 [ERROR] ConditionMgr:805 - Attr not supported : Dmpu
2024-11-26 14:44:39,930 [ERROR] ConditionMgr:805 - Attr not supported : Dmpu
2024-11-26 14:44:39,930 [ERROR] ConditionMgr:805 - Attr not supported : Dmpu
2024-11-26 14:44:39,930 [ERROR] ConditionMgr:805 - Attr not supported : Dmpu
2024-11-26 14:44:39,930 [ERROR] ConditionMgr:805 - Attr not supported : Dmpu
2024-11-26 14:44:39,930 [ERROR] ConditionMgr:805 - Attr not supported : Dmpu
2024-11-26 14:44:39,959 [WARN] PackLoader:240 - Cannot read IP mode file for RealThread.X-CUBE-RT-Thread_Nano.4.1.1
2024-11-26 14:44:39,964 [WARN] PackLoader:240 - Cannot read IP mode file for STMicroelectronics.FP-ATR-SIGFOX1.3.2.0
2024-11-26 14:44:39,975 [WARN] ConditionMgr:438 - getConditionDescription Invalid condition id : Cortex-A Device cause : null
2024-11-26 14:44:40,012 [WARN] ConditionMgr:1039 - genDependencies : Invalid condition id : Cortex-A Device cause : null
2024-11-26 14:44:40,013 [WARN] ConditionMgr:1039 - genDependencies : Invalid condition id : Cortex-A Device cause : null
2024-11-26 14:44:40,013 [WARN] ConditionMgr:1039 - genDependencies : Invalid condition id : Cortex-A Device cause : null
2024-11-26 14:44:40,023 [WARN] PackLoader:240 - Cannot read IP mode file for STMicroelectronics.X-CUBE-EEPRMA1.5.1.0
2024-11-26 14:44:40,034 [WARN] PackLoader:240 - Cannot read IP mode file for wolfSSL.I-CUBE-wolfSSL.5.7.4
2024-11-26 14:44:40,043 [WARN] PackLoader:240 - Cannot read IP mode file for ITTIA_DB.I-CUBE-ITTIADB.8.9.0
2024-11-26 14:44:40,144 [WARN] PackLoader:240 - Cannot read IP mode file for SEGGER.I-CUBE-embOS.1.3.1
2024-11-26 14:44:40,454 [WARN] PackLoader:240 - Cannot read IP mode file for STMicroelectronics.X-CUBE-ALGOBUILD.1.4.0
2024-11-26 14:44:40,480 [WARN] PackLoader:240 - Cannot read IP mode file for STMicroelectronics.X-CUBE-AI.9.1.0
2024-11-26 14:44:40,507 [WARN] PackLoader:240 - Cannot read IP mode file for STMicroelectronics.X-CUBE-AZRTOS-F4.1.1.0
2024-11-26 14:44:40,517 [WARN] PackLoader:240 - Cannot read IP mode file for STMicroelectronics.X-CUBE-ISPU.2.1.0
2024-11-26 14:44:40,531 [WARN] PackLoader:240 - Cannot read IP mode file for STMicroelectronics.X-CUBE-FREERTOS.1.2.0
2024-11-26 14:44:40,611 [WARN] PackLoader:240 - Cannot read IP mode file for STMicroelectronics.X-CUBE-AZRTOS-L5.2.0.0
2024-11-26 14:44:40,683 [WARN] PackLoader:240 - Cannot read IP mode file for STMicroelectronics.X-CUBE-NFC6.3.1.0
2024-11-26 14:44:40,739 [WARN] PackLoader:240 - Cannot read IP mode file for STMicroelectronics.X-CUBE-DPower.1.2.0
2024-11-26 14:44:40,752 [WARN] PackLoader:240 - Cannot read IP mode file for STMicroelectronics.X-CUBE-NFC7.1.0.1
2024-11-26 14:44:40,804 [WARN] ConditionMgr:438 - getConditionDescription Invalid condition id : LAN8742 Phy interface Condition cause : null
2024-11-26 14:44:40,807 [WARN] PackLoader:240 - Cannot read IP mode file for STMicroelectronics.X-CUBE-AZRTOS-L4.2.0.0
2024-11-26 14:44:40,812 [WARN] ConditionMgr:1039 - genDependencies : Invalid condition id : LAN8742 Phy interface Condition cause : null
2024-11-26 14:44:40,813 [WARN] ConditionMgr:1039 - genDependencies : Invalid condition id : LAN8742 Phy interface Condition cause : null
2024-11-26 14:44:40,814 [WARN] ConditionMgr:1039 - genDependencies : Invalid condition id : LAN8742 Phy interface Condition cause : null
2024-11-26 14:44:40,865 [WARN] PackLoader:240 - Cannot read IP mode file for STMicroelectronics.X-CUBE-SFXS2LP1.4.0.0
2024-11-26 14:44:40,904 [WARN] PackLoader:240 - Cannot read IP mode file for STMicroelectronics.X-CUBE-AZRTOS-H7.3.3.0
2024-11-26 14:44:40,935 [WARN] PackLoader:240 - Cannot read IP mode file for STMicroelectronics.X-CUBE-IPS.3.0.0
2024-11-26 14:44:40,971 [WARN] ConditionMgr:438 - getConditionDescription Invalid condition id : UX DEVICE CLASS RTOS Condition cause : null
2024-11-26 14:44:40,972 [WARN] ConditionMgr:438 - getConditionDescription Invalid condition id : UX DEVICE CLASS RTOS Condition cause : null
2024-11-26 14:44:40,977 [WARN] PackLoader:240 - Cannot read IP mode file for STMicroelectronics.X-CUBE-AZRTOS-WB.2.0.0
2024-11-26 14:44:40,978 [WARN] ConditionMgr:1039 - genDependencies : Invalid condition id : UX DEVICE CLASS RTOS Condition cause : null
2024-11-26 14:44:40,979 [WARN] ConditionMgr:1039 - genDependencies : Invalid condition id : UX DEVICE CLASS RTOS Condition cause : null
2024-11-26 14:44:40,979 [WARN] ConditionMgr:1039 - genDependencies : Invalid condition id : UX DEVICE CLASS RTOS Condition cause : null
2024-11-26 14:44:40,980 [WARN] ConditionMgr:1039 - genDependencies : Invalid condition id : UX DEVICE CLASS RTOS Condition cause : null
2024-11-26 14:44:40,980 [WARN] ConditionMgr:1039 - genDependencies : Invalid condition id : UX DEVICE CLASS RTOS Condition cause : null
2024-11-26 14:44:40,998 [WARN] PackLoader:240 - Cannot read IP mode file for STMicroelectronics.X-CUBE-GNSS1.7.0.0
2024-11-26 14:44:41,016 [WARN] PackLoader:240 - Cannot read IP mode file for STMicroelectronics.FP-SNS-STBOX1.2.0.0
2024-11-26 14:44:41,040 [WARN] PackLoader:240 - Cannot read IP mode file for STMicroelectronics.X-CUBE-SUBG2.5.0.0
2024-11-26 14:44:41,079 [WARN] PackLoader:240 - Cannot read IP mode file for Cesanta.I-CUBE-Mongoose.7.13.0
2024-11-26 14:44:41,100 [WARN] PackLoader:240 - Cannot read IP mode file for STMicroelectronics.X-CUBE-AZRTOS-G4.2.0.0
2024-11-26 14:44:41,109 [WARN] PackLoader:240 - Cannot read IP mode file for STMicroelectronics.X-CUBE-ALS.1.0.2
2024-11-26 14:44:41,128 [WARN] PackLoader:240 - Cannot read IP mode file for STMicroelectronics.X-CUBE-TOUCHGFX.4.24.1
2024-11-26 14:44:41,133 [WARN] PackLoader:240 - Cannot read IP mode file for wolfSSL.I-CUBE-wolfTPM.3.4.0
2024-11-26 14:44:41,142 [WARN] PackLoader:240 - Cannot read IP mode file for portGmbH.I-Cube-SoM-uGOAL.1.1.0
2024-11-26 14:44:41,167 [WARN] PackLoader:240 - Cannot read IP mode file for STMicroelectronics.X-CUBE-AZRTOS-H7RS.1.0.0
2024-11-26 14:44:41,184 [WARN] PackLoader:240 - Cannot read IP mode file for STMicroelectronics.X-CUBE-TOF1.3.4.2
2024-11-26 14:44:41,232 [WARN] PackLoader:240 - Cannot read IP mode file for Infineon.AIROC-Wi-Fi-Bluetooth-STM32.1.6.1
2024-11-26 14:44:41,249 [WARN] PackLoader:240 - Cannot read IP mode file for wolfSSL.I-CUBE-wolfSSH.1.4.17
2024-11-26 14:44:41,258 [INFO] ThirdParty:978 - Integrity check success = true
2024-11-26 14:44:41,260 [INFO] IntegrityCheckThread:100 - exiting critical section [integrity check]
2024-11-26 14:44:41,261 [INFO] IntegrityCheckThread:103 - End integrity checks thread
2024-11-26 14:44:42,196 [INFO] WebApp:167 - Instantiating new browser for Auth
2024-11-26 14:44:43,693 [INFO] WebApp:448 - Apply proxy settings
2024-11-26 14:44:43,719 [INFO] WebApp:493 - Chromium authenticates against Manually configured proxy
2024-11-26 14:44:43,748 [INFO] WebApp:501 - Username used for proxy authentication: 
2024-11-26 14:44:43,813 [INFO] WebApp:869 - Register for checkConnection events
2024-11-26 14:44:43,814 [INFO] WebApp:448 - Apply proxy settings
2024-11-26 14:44:43,816 [INFO] WebApp:493 - Chromium authenticates against Manually configured proxy
2024-11-26 14:44:43,816 [INFO] WebApp:501 - Username used for proxy authentication: 
2024-11-26 14:44:43,982 [INFO] WebApp:220 - Starting web application
2024-11-26 14:44:43,983 [INFO] WebApp:578 - Web application path used /Applications/STM32CubeIDE.app/Contents/Eclipse/plugins/com.st.stm32cube.common.mx_6.12.1.202409122256/db/plugins/mcufinder/reactClient1/index.html
2024-11-26 14:44:44,604 [INFO] WebApp:186 - Connection restablished
